\BOOKMARK [0][-]{chapter*.2}{\376\377\000I\000n\000t\000r\000o\000d\000u\000z\000i\000o\000n\000e}{}% 1
\BOOKMARK [0][-]{chapter.1}{\376\377\000C\000h\000i\000t\000a\000r\000r\000a}{}% 2
\BOOKMARK [1][-]{subsection.1.0.1}{\376\377\000C\000o\000r\000d\000e}{chapter.1}% 3
\BOOKMARK [2][-]{subsection.1.0.2}{\376\377\000T\000a\000s\000t\000i}{subsection.1.0.1}% 4
\BOOKMARK [2][-]{subsection.1.0.3}{\376\377\000T\000a\000b}{subsection.1.0.1}% 5
\BOOKMARK [0][-]{chapter.2}{\376\377\000T\000r\000a\000s\000f\000o\000r\000m\000a\000t\000a\000\040\000a\000\040\000Q\000\040\000C\000o\000s\000t\000a\000n\000t\000e}{}% 6
\BOOKMARK [0][-]{chapter.3}{\376\377\000A\000r\000c\000h\000i\000t\000e\000t\000t\000u\000r\000a\000\040\000e\000\040\000a\000d\000d\000e\000s\000t\000r\000a\000m\000e\000n\000t\000o\000\040\000d\000e\000l\000\040\000m\000o\000d\000e\000l\000l\000o}{}% 7
\BOOKMARK [1][-]{section.3.1}{\376\377\000M\000a\000c\000h\000i\000n\000e\000\040\000l\000e\000a\000r\000n\000i\000n\000g}{chapter.3}% 8
\BOOKMARK [1][-]{section.3.2}{\376\377\000L\000i\000b\000r\000e\000r\000i\000e\000\040\000u\000t\000i\000l\000i\000z\000z\000a\000t\000e}{chapter.3}% 9
\BOOKMARK [1][-]{section.3.3}{\376\377\000S\000e\000t\000\040\000d\000a\000t\000i\000\040\000G\000u\000i\000t\000a\000r\000S\000e\000t}{chapter.3}% 10
\BOOKMARK [2][-]{subsection.3.3.1}{\376\377\000R\000i\000c\000a\000v\000a\000r\000e\000\040\000l\000e\000\040\000t\000a\000b\000\040\000d\000a\000i\000\040\000f\000i\000l\000e\000\040\000.\000j\000a\000m\000s}{section.3.3}% 11
\BOOKMARK [2][-]{subsection.3.3.2}{\376\377\000R\000i\000c\000a\000v\000a\000r\000e\000\040\000l\000e\000\040\000i\000m\000m\000a\000g\000i\000n\000i\000\040\000d\000a\000i\000\040\000f\000i\000l\000e\000\040\000a\000u\000d\000i\000o}{section.3.3}% 12
\BOOKMARK [2][-]{subsection.3.3.3}{\376\377\000P\000r\000e\000-\000e\000l\000a\000b\000o\000r\000a\000r\000e\000\040\000i\000\040\000d\000a\000t\000i}{section.3.3}% 13
\BOOKMARK [1][-]{section.3.4}{\376\377\000M\000o\000d\000e\000l\000l\000o\000\040\000d\000e\000l\000l\000a\000\040\000r\000e\000t\000e}{chapter.3}% 14
\BOOKMARK [2][-]{subsection.3.4.1}{\376\377\000U\000s\000o\000\040\000d\000i\000\040\000K\000e\000r\000a\000s}{section.3.4}% 15
\BOOKMARK [2][-]{subsection.3.4.2}{\376\377\000A\000d\000d\000e\000s\000t\000r\000a\000m\000e\000n\000t\000o\000\040\000d\000e\000l\000\040\000m\000o\000d\000e\000l\000l\000o}{section.3.4}% 16
\BOOKMARK [1][-]{section.3.5}{\376\377\000V\000a\000l\000u\000t\000a\000z\000i\000o\000n\000e\000\040\000d\000e\000l\000\040\000m\000o\000d\000e\000l\000l\000o}{chapter.3}% 17
\BOOKMARK [0][-]{chapter.4}{\376\377\000I\000m\000p\000l\000e\000m\000e\000n\000t\000a\000z\000i\000o\000n\000e\000\040\000s\000u\000\040\000d\000i\000s\000p\000o\000s\000i\000t\000i\000v\000o\000\040\000E\000m\000b\000e\000d\000d\000e\000d}{}% 18
\BOOKMARK [1][-]{section.4.1}{\376\377\000C\000o\000n\000v\000e\000r\000s\000i\000o\000n\000e\000\040\000d\000e\000l\000\040\000m\000o\000d\000e\000l\000l\000o\000\040\000d\000a\000\040\000K\000e\000r\000a\000s\000\040\000a\000\040\000T\000e\000n\000s\000o\000r\000f\000l\000o\000w\000\040\000L\000i\000t\000e}{chapter.4}% 19
\BOOKMARK [1][-]{section.4.2}{\376\377\000S\000v\000i\000l\000u\000p\000p\000o\000\040\000a\000p\000p\000l\000i\000c\000a\000z\000i\000o\000n\000e\000\040\000A\000n\000d\000r\000o\000i\000d}{chapter.4}% 20
\BOOKMARK [2][-]{subsection.4.2.1}{\376\377\000S\000v\000i\000l\000u\000p\000p\000o\000\040\000a\000p\000p\000l\000i\000c\000a\000z\000i\000o\000n\000e\000\040\000c\000o\000n\000\040\000J\000a\000v\000a\000\040\0001\000.\0008\000\040\000e\000\040\000A\000n\000d\000r\000o\000i\000d\000\040\000S\000t\000u\000d\000i\000o\000\040\0004\000.\0001\000.\0002}{section.4.2}% 21
\BOOKMARK [2][-]{subsection.4.2.2}{\376\377\000P\000r\000e\000-\000e\000l\000a\000b\000o\000r\000a\000z\000i\000o\000n\000e\000\040\000d\000e\000l\000l\000'\000a\000u\000d\000i\000o}{section.4.2}% 22
\BOOKMARK [2][-]{subsection.4.2.3}{\376\377\000I\000m\000p\000l\000e\000m\000e\000n\000t\000a\000z\000i\000o\000n\000e\000\040\000d\000i\000\040\000T\000e\000n\000s\000o\000r\000f\000l\000o\000w\000\040\000L\000i\000t\000e}{section.4.2}% 23
\BOOKMARK [1][-]{section.4.3}{\376\377\000S\000v\000i\000l\000u\000p\000p\000o\000\040\000a\000p\000p\000l\000i\000c\000a\000z\000i\000o\000n\000e\000\040\000i\000O\000S}{chapter.4}% 24
\BOOKMARK [2][-]{subsection.4.3.1}{\376\377\000C\000o\000n\000v\000e\000r\000s\000i\000o\000n\000e\000\040\000d\000e\000l\000\040\000m\000o\000d\000e\000l\000l\000o\000\040\000d\000a\000\040\000K\000e\000r\000a\000s\000\040\000a\000\040\000C\000o\000r\000e\000M\000L}{section.4.3}% 25
\BOOKMARK [2][-]{subsection.4.3.2}{\376\377\000S\000v\000i\000l\000u\000p\000p\000o\000\040\000a\000p\000p\000l\000i\000c\000a\000z\000i\000o\000n\000e\000\040\000c\000o\000n\000\040\000S\000w\000i\000f\000t\000\040\0005\000\040\000e\000\040\000X\000c\000o\000d\000e\000\040\0001\0002}{section.4.3}% 26
\BOOKMARK [2][-]{subsection.4.3.3}{\376\377\000U\000s\000o\000\040\000d\000i\000\040\000u\000n\000\040\000s\000e\000r\000v\000e\000r\000\040\000p\000e\000r\000\040\000l\000'\000u\000s\000o\000\040\000d\000e\000l\000l\000a\000\040\000l\000i\000b\000r\000e\000r\000i\000a\000\040\000l\000i\000b\000r\000o\000s\000a}{section.4.3}% 27
\BOOKMARK [2][-]{subsection.4.3.4}{\376\377\000I\000m\000p\000l\000e\000m\000e\000n\000t\000a\000z\000i\000o\000n\000e\000\040\000d\000i\000\040\000T\000e\000n\000s\000o\000r\000f\000l\000o\000w\000\040\000L\000i\000t\000e}{section.4.3}% 28
\BOOKMARK [2][-]{subsection.4.3.5}{\376\377\000I\000n\000s\000t\000a\000l\000l\000a\000z\000i\000o\000n\000e\000\040\000s\000u\000\040\000d\000i\000s\000p\000o\000s\000i\000t\000i\000v\000o\000\040\000f\000i\000s\000i\000c\000o}{section.4.3}% 29
\BOOKMARK [0][-]{chapter.5}{\376\377\000C\000o\000n\000c\000l\000u\000s\000i\000o\000n\000i}{}% 30
